<?xml version="1.0" encoding="UTF-8"?>
<!-- Generated by org.testng.reporters.JUnitXMLReporter -->
<testsuite hostname="DESKTOP-A6435CM" name="Test" tests="1" failures="0" timestamp="17 Jan 2019 02:04:48 GMT" time="0.011" errors="0">
  <testcase name="@BeforeSuite run" time="0.0" classname="com.qa.meschino.testcases.AsthmaTracker.test1">
    <skipped/>
  </testcase> <!-- @BeforeSuite run -->
  <testcase name="@BeforeMethod startup" time="0.0" classname="com.qa.meschino.testcases.AsthmaTracker.test1">
    <skipped/>
  </testcase> <!-- @BeforeMethod startup -->
  <testcase name="@AfterMethod quit" time="0.0" classname="com.qa.meschino.testcases.AsthmaTracker.test1">
    <skipped/>
  </testcase> <!-- @AfterMethod quit -->
  <testcase name="t1" time="0.002" classname="com.qa.meschino.testcases.AsthmaTracker.test1">
    <skipped/>
  </testcase> <!-- t1 -->
</testsuite> <!-- Test -->
