<?xml version="1.0" encoding="UTF-8"?>
<!-- Generated by org.testng.reporters.JUnitXMLReporter -->
<testsuite hostname="LAP00396" name="Test" tests="1" failures="0" timestamp="18 Jan 2019 19:43:02 GMT" time="0.017" errors="0">
  <testcase name="@BeforeSuite run" time="0.0" classname="com.qa.meschino.testcases.AsthmaTracker.test1">
    <skipped/>
  </testcase> <!-- @BeforeSuite run -->
  <testcase name="@BeforeMethod startup" time="0.0" classname="com.qa.meschino.testcases.AsthmaTracker.test1">
    <skipped/>
  </testcase> <!-- @BeforeMethod startup -->
  <testcase name="@AfterMethod quit" time="0.0" classname="com.qa.meschino.testcases.AsthmaTracker.test1">
    <skipped/>
  </testcase> <!-- @AfterMethod quit -->
  <testcase name="@AfterMethod endTest" time="0.0" classname="com.qa.meschino.testcases.AsthmaTracker.test1">
    <skipped/>
  </testcase> <!-- @AfterMethod endTest -->
  <testcase name="t1" time="0.005" classname="com.qa.meschino.testcases.AsthmaTracker.test1">
    <skipped/>
  </testcase> <!-- t1 -->
</testsuite> <!-- Test -->
