<?xml version="1.0" encoding="UTF-8"?>
<testng-results skipped="0" failed="0" total="1" passed="1">
  <reporter-output>
  </reporter-output>
  <suite name="Default suite" duration-ms="27" started-at="2019-01-09T17:27:23Z" finished-at="2019-01-09T17:27:24Z">
    <groups>
    </groups>
    <test name="Default test" duration-ms="27" started-at="2019-01-09T17:27:23Z" finished-at="2019-01-09T17:27:24Z">
      <class name="com.qa.meschino.testcases.test1">
        <test-method status="PASS" signature="t1()[pri:0, instance:com.qa.meschino.testcases.test1@2344fc66]" name="t1" duration-ms="12" started-at="2019-01-09T12:27:24Z" finished-at="2019-01-09T12:27:24Z">
          <reporter-output>
          </reporter-output>
        </test-method> <!-- t1 -->
      </class> <!-- com.qa.meschino.testcases.test1 -->
    </test> <!-- Default test -->
  </suite> <!-- Default suite -->
</testng-results>
