<?xml version="1.0" encoding="UTF-8"?>
<!-- Generated by org.testng.reporters.JUnitXMLReporter -->
<testsuite hostname="LAP00396" name="MyHRA" tests="39" failures="0" timestamp="7 Feb 2019 16:48:27 GMT" time="448.079" errors="0">
  <testcase name="MyHRALog_Male" time="0.009" classname="com.qa.meschino.testcases.MyHRA_Male.VerifyHRAMale">
    <skipped/>
  </testcase> <!-- MyHRALog_Male -->
  <testcase name="HraAlcoholRiskStatus" time="0.003" classname="com.qa.meschino.testcases.MyHRA_Male.VerifyHRAAlcoholRiskStatus">
    <skipped/>
  </testcase> <!-- HraAlcoholRiskStatus -->
  <testcase name="HraAlcoholRiskStatus" time="0.005" classname="com.qa.meschino.testcases.MyHRA_Male.VerifyHRAAlcoholRiskStatus">
    <skipped/>
  </testcase> <!-- HraAlcoholRiskStatus -->
  <testcase name="HraAlcoholRiskStatus" time="0.004" classname="com.qa.meschino.testcases.MyHRA_Male.VerifyHRAAlcoholRiskStatus">
    <skipped/>
  </testcase> <!-- HraAlcoholRiskStatus -->
  <testcase name="HraMaleBloodGlucoseRiskStatus" time="0.003" classname="com.qa.meschino.testcases.MyHRA_Male.VerifyHRAMaleBloodGlucoseRiskStatus">
    <skipped/>
  </testcase> <!-- HraMaleBloodGlucoseRiskStatus -->
  <testcase name="HraMaleBloodGlucoseRiskStatus" time="0.003" classname="com.qa.meschino.testcases.MyHRA_Male.VerifyHRAMaleBloodGlucoseRiskStatus">
    <skipped/>
  </testcase> <!-- HraMaleBloodGlucoseRiskStatus -->
  <testcase name="HraMaleBloodGlucoseRiskStatus" time="0.003" classname="com.qa.meschino.testcases.MyHRA_Male.VerifyHRAMaleBloodGlucoseRiskStatus">
    <skipped/>
  </testcase> <!-- HraMaleBloodGlucoseRiskStatus -->
  <testcase name="HraMaleBloodGlucoseUnknownRiskStatus" time="0.002" classname="com.qa.meschino.testcases.MyHRA_Male.VerifyHRAMaleBloodGlucoseUnknownRiskStatus">
    <skipped/>
  </testcase> <!-- HraMaleBloodGlucoseUnknownRiskStatus -->
  <testcase name="HraMaleBloodGlucoseUnknownRiskStatus" time="0.001" classname="com.qa.meschino.testcases.MyHRA_Male.VerifyHRAMaleBloodGlucoseUnknownRiskStatus">
    <skipped/>
  </testcase> <!-- HraMaleBloodGlucoseUnknownRiskStatus -->
  <testcase name="HraMaleBloodPressureRiskStatus" time="0.004" classname="com.qa.meschino.testcases.MyHRA_Male.VerifyHRAMaleBloodPressureRiskStatus">
    <skipped/>
  </testcase> <!-- HraMaleBloodPressureRiskStatus -->
  <testcase name="HraMaleBloodPressureRiskStatus" time="0.002" classname="com.qa.meschino.testcases.MyHRA_Male.VerifyHRAMaleBloodPressureRiskStatus">
    <skipped/>
  </testcase> <!-- HraMaleBloodPressureRiskStatus -->
  <testcase name="HraMaleBloodPressureRiskStatus" time="0.002" classname="com.qa.meschino.testcases.MyHRA_Male.VerifyHRAMaleBloodPressureRiskStatus">
    <skipped/>
  </testcase> <!-- HraMaleBloodPressureRiskStatus -->
  <testcase name="HraMaleBloodPressureUnknownRiskStatus" time="0.004" classname="com.qa.meschino.testcases.MyHRA_Male.VerifyHRAMaleBloodPressureUnknownRiskStatus">
    <skipped/>
  </testcase> <!-- HraMaleBloodPressureUnknownRiskStatus -->
  <testcase name="HraMaleBloodPressureUnknownRiskStatus" time="0.001" classname="com.qa.meschino.testcases.MyHRA_Male.VerifyHRAMaleBloodPressureUnknownRiskStatus">
    <skipped/>
  </testcase> <!-- HraMaleBloodPressureUnknownRiskStatus -->
  <testcase name="HraCholesterolRiskStatus" time="0.001" classname="com.qa.meschino.testcases.MyHRA_Male.VerifyHRACholesterolRiskStatus">
    <skipped/>
  </testcase> <!-- HraCholesterolRiskStatus -->
  <testcase name="HraCholesterolRiskStatus" time="0.003" classname="com.qa.meschino.testcases.MyHRA_Male.VerifyHRACholesterolRiskStatus">
    <skipped/>
  </testcase> <!-- HraCholesterolRiskStatus -->
  <testcase name="HraCholesterolRiskStatus" time="0.002" classname="com.qa.meschino.testcases.MyHRA_Male.VerifyHRACholesterolRiskStatus">
    <skipped/>
  </testcase> <!-- HraCholesterolRiskStatus -->
  <testcase name="HRACholesterolUnknownRiskStatus" time="0.002" classname="com.qa.meschino.testcases.MyHRA_Male.VerifyHRACholesterolUnknownRiskStatus">
    <skipped/>
  </testcase> <!-- HRACholesterolUnknownRiskStatus -->
  <testcase name="HRACholesterolUnknownRiskStatus" time="0.006" classname="com.qa.meschino.testcases.MyHRA_Male.VerifyHRACholesterolUnknownRiskStatus">
    <skipped/>
  </testcase> <!-- HRACholesterolUnknownRiskStatus -->
  <testcase name="HRAEnduranceExerciseRiskStatus" time="0.001" classname="com.qa.meschino.testcases.MyHRA_Male.VerifyHRAEnduranceExerciseRiskStatus">
    <skipped/>
  </testcase> <!-- HRAEnduranceExerciseRiskStatus -->
  <testcase name="HRAEnduranceExerciseRiskStatus" time="0.002" classname="com.qa.meschino.testcases.MyHRA_Male.VerifyHRAEnduranceExerciseRiskStatus">
    <skipped/>
  </testcase> <!-- HRAEnduranceExerciseRiskStatus -->
  <testcase name="HRAEnduranceExerciseRiskStatus" time="0.002" classname="com.qa.meschino.testcases.MyHRA_Male.VerifyHRAEnduranceExerciseRiskStatus">
    <skipped/>
  </testcase> <!-- HRAEnduranceExerciseRiskStatus -->
  <testcase name="HraResistanceExerciseRiskStatus" time="0.02" classname="com.qa.meschino.testcases.MyHRA_Male.VerifyHRAResistanceExerciseRiskStatus">
    <skipped/>
  </testcase> <!-- HraResistanceExerciseRiskStatus -->
  <testcase name="HraResistanceExerciseRiskStatus" time="0.002" classname="com.qa.meschino.testcases.MyHRA_Male.VerifyHRAResistanceExerciseRiskStatus">
    <skipped/>
  </testcase> <!-- HraResistanceExerciseRiskStatus -->
  <testcase name="HraResistanceExerciseRiskStatus" time="0.003" classname="com.qa.meschino.testcases.MyHRA_Male.VerifyHRAResistanceExerciseRiskStatus">
    <skipped/>
  </testcase> <!-- HraResistanceExerciseRiskStatus -->
  <testcase name="HraSmokingRiskStatus" time="0.003" classname="com.qa.meschino.testcases.MyHRA_Male.VerifyHRASmokingRiskStatus">
    <skipped/>
  </testcase> <!-- HraSmokingRiskStatus -->
  <testcase name="HraSmokingRiskStatus" time="0.003" classname="com.qa.meschino.testcases.MyHRA_Male.VerifyHRASmokingRiskStatus">
    <skipped/>
  </testcase> <!-- HraSmokingRiskStatus -->
  <testcase name="HraSmokingRiskStatus" time="0.003" classname="com.qa.meschino.testcases.MyHRA_Male.VerifyHRASmokingRiskStatus">
    <skipped/>
  </testcase> <!-- HraSmokingRiskStatus -->
  <testcase name="HraSmokingRiskStatus" time="0.002" classname="com.qa.meschino.testcases.MyHRA_Male.VerifyHRASmokingRiskStatus">
    <skipped/>
  </testcase> <!-- HraSmokingRiskStatus -->
  <testcase name="HRASmokingRiskStatus" time="0.022" classname="com.qa.meschino.testcases.MyHRA_Male.VerifyHRAStressRiskStatus">
    <skipped/>
  </testcase> <!-- HRASmokingRiskStatus -->
  <testcase name="HRASmokingRiskStatus" time="0.002" classname="com.qa.meschino.testcases.MyHRA_Male.VerifyHRAStressRiskStatus">
    <skipped/>
  </testcase> <!-- HRASmokingRiskStatus -->
  <testcase name="HRASmokingRiskStatus" time="0.002" classname="com.qa.meschino.testcases.MyHRA_Male.VerifyHRAStressRiskStatus">
    <skipped/>
  </testcase> <!-- HRASmokingRiskStatus -->
  <testcase name="HraWaistCirumferenceRiskStatus" time="0.003" classname="com.qa.meschino.testcases.MyHRA_Male.VerifyHRAWaistCirumferenceRiskStatus">
    <skipped/>
  </testcase> <!-- HraWaistCirumferenceRiskStatus -->
  <testcase name="HraWaistCirumferenceRiskStatus" time="0.001" classname="com.qa.meschino.testcases.MyHRA_Male.VerifyHRAWaistCirumferenceRiskStatus">
    <skipped/>
  </testcase> <!-- HraWaistCirumferenceRiskStatus -->
  <testcase name="HraWaistCirumferenceRiskStatus" time="0.003" classname="com.qa.meschino.testcases.MyHRA_Male.VerifyHRAWaistCirumferenceRiskStatus">
    <skipped/>
  </testcase> <!-- HraWaistCirumferenceRiskStatus -->
  <testcase name="HraDiabetesType2RiskStatus" time="0.002" classname="com.qa.meschino.testcases.MyHRA_Male.VerifyHRADiabetesType2RiskStatus">
    <skipped/>
  </testcase> <!-- HraDiabetesType2RiskStatus -->
  <testcase name="HraDiabetesType2RiskStatus" time="0.003" classname="com.qa.meschino.testcases.MyHRA_Male.VerifyHRADiabetesType2RiskStatus">
    <skipped/>
  </testcase> <!-- HraDiabetesType2RiskStatus -->
  <testcase name="HraP3RiskStatus" time="224.019" classname="com.qa.meschino.testcases.MyHRA_Male.VerifyHRAP3GeneticTestingRiskStatus"/>
  <testcase name="HraP3RiskStatus" time="210.071" classname="com.qa.meschino.testcases.MyHRA_Male.VerifyHRAP3GeneticTestingRiskStatus"/>
</testsuite> <!-- MyHRA -->
