<?xml version="1.0" encoding="UTF-8"?>
<!-- Generated by org.testng.reporters.JUnitXMLReporter -->
<testsuite hostname="LAP00396" name="MyHRA" tests="14" failures="0" timestamp="4 Feb 2019 19:58:19 GMT" time="1108.19" errors="0">
  <testcase name="MyHRALog_Male" time="0.006" classname="com.qa.meschino.testcases.MyHRA_Male.VerifyHRAMale">
    <skipped/>
  </testcase> <!-- MyHRALog_Male -->
  <testcase name="HraMaleAlcoholRiskStatus" time="0.006" classname="com.qa.meschino.testcases.MyHRA_Male.VerifyHRAMaleAlcoholRiskStatus">
    <skipped/>
  </testcase> <!-- HraMaleAlcoholRiskStatus -->
  <testcase name="HraMaleAlcoholRiskStatus" time="0.002" classname="com.qa.meschino.testcases.MyHRA_Male.VerifyHRAMaleAlcoholRiskStatus">
    <skipped/>
  </testcase> <!-- HraMaleAlcoholRiskStatus -->
  <testcase name="HraMaleAlcoholRiskStatus" time="0.001" classname="com.qa.meschino.testcases.MyHRA_Male.VerifyHRAMaleAlcoholRiskStatus">
    <skipped/>
  </testcase> <!-- HraMaleAlcoholRiskStatus -->
  <testcase name="HraMaleBloodGlucoseRiskStatus" time="0.001" classname="com.qa.meschino.testcases.MyHRA_Male.VerifyHRAMaleBloodGlucoseRiskStatus">
    <skipped/>
  </testcase> <!-- HraMaleBloodGlucoseRiskStatus -->
  <testcase name="HraMaleBloodGlucoseRiskStatus" time="0.001" classname="com.qa.meschino.testcases.MyHRA_Male.VerifyHRAMaleBloodGlucoseRiskStatus">
    <skipped/>
  </testcase> <!-- HraMaleBloodGlucoseRiskStatus -->
  <testcase name="HraMaleBloodGlucoseRiskStatus" time="0.001" classname="com.qa.meschino.testcases.MyHRA_Male.VerifyHRAMaleBloodGlucoseRiskStatus">
    <skipped/>
  </testcase> <!-- HraMaleBloodGlucoseRiskStatus -->
  <testcase name="HraMaleBloodGlucoseUnknownRiskStatus" time="0.003" classname="com.qa.meschino.testcases.MyHRA_Male.VerifyHRAMaleBloodGlucoseUnknownRiskStatus">
    <skipped/>
  </testcase> <!-- HraMaleBloodGlucoseUnknownRiskStatus -->
  <testcase name="HraMaleBloodGlucoseUnknownRiskStatus" time="0.001" classname="com.qa.meschino.testcases.MyHRA_Male.VerifyHRAMaleBloodGlucoseUnknownRiskStatus">
    <skipped/>
  </testcase> <!-- HraMaleBloodGlucoseUnknownRiskStatus -->
  <testcase name="HraMaleBloodPressureRiskStatus" time="251.369" classname="com.qa.meschino.testcases.MyHRA_Male.VerifyHRAMaleBloodPressureRiskStatus"/>
  <testcase name="HraMaleBloodPressureRiskStatus" time="205.036" classname="com.qa.meschino.testcases.MyHRA_Male.VerifyHRAMaleBloodPressureRiskStatus"/>
  <testcase name="HraMaleBloodPressureRiskStatus" time="205.682" classname="com.qa.meschino.testcases.MyHRA_Male.VerifyHRAMaleBloodPressureRiskStatus"/>
  <testcase name="HraMaleBloodPressureUnknownRiskStatus" time="217.267" classname="com.qa.meschino.testcases.MyHRA_Male.VerifyHRAMaleBloodPressureUnknownRiskStatus"/>
  <testcase name="HraMaleBloodPressureUnknownRiskStatus" time="212.704" classname="com.qa.meschino.testcases.MyHRA_Male.VerifyHRAMaleBloodPressureUnknownRiskStatus"/>
</testsuite> <!-- MyHRA -->
