<?xml version="1.0" encoding="UTF-8"?>
<!-- Generated by org.testng.reporters.JUnitXMLReporter -->
<testsuite hostname="LAP00396" name="Test" tests="4" failures="0" timestamp="1 Feb 2019 20:46:10 GMT" time="651.0" errors="0">
  <testcase name="MyHRALog_Male" time="0.005" classname="com.qa.meschino.testcases.MyHRA_Male.VerifyHRAMale">
    <skipped/>
  </testcase> <!-- MyHRALog_Male -->
  <testcase name="HraMaleAlcoholRiskStatus" time="224.761" classname="com.qa.meschino.testcases.MyHRA_Male.VerifyHRAMaleAlcoholRiskStatus"/>
  <testcase name="HraMaleAlcoholRiskStatus" time="210.718" classname="com.qa.meschino.testcases.MyHRA_Male.VerifyHRAMaleAlcoholRiskStatus"/>
  <testcase name="HraMaleAlcoholRiskStatus" time="205.711" classname="com.qa.meschino.testcases.MyHRA_Male.VerifyHRAMaleAlcoholRiskStatus"/>
</testsuite> <!-- Test -->
