<?xml version="1.0" encoding="UTF-8"?>
<!-- Generated by org.testng.reporters.JUnitXMLReporter -->
<testsuite hostname="LAP00396" name="Test" tests="6" failures="0" timestamp="28 Jan 2019 16:05:31 GMT" time="99.375" errors="0">
  <testcase name="BloodGlucoseTest" time="0.152" classname="com.qa.meschino.testcases.BloodGlucoseTracker.VerifyBloodGlucoseLog">
    <skipped/>
  </testcase> <!-- BloodGlucoseTest -->
  <testcase name="BloodGlucoseTest" time="0.006" classname="com.qa.meschino.testcases.BloodGlucoseTracker.VerifyBloodGlucoseLog">
    <skipped/>
  </testcase> <!-- BloodGlucoseTest -->
  <testcase name="BloodGlucoseTest" time="0.002" classname="com.qa.meschino.testcases.BloodGlucoseTracker.VerifyBloodGlucoseLog">
    <skipped/>
  </testcase> <!-- BloodGlucoseTest -->
  <testcase name="BloodGlucoseTest" time="0.003" classname="com.qa.meschino.testcases.BloodGlucoseTracker.VerifyBloodGlucoseLog">
    <skipped/>
  </testcase> <!-- BloodGlucoseTest -->
  <testcase name="BloodGlucoseTest" time="0.003" classname="com.qa.meschino.testcases.BloodGlucoseTracker.VerifyBloodGlucoseLog">
    <skipped/>
  </testcase> <!-- BloodGlucoseTest -->
  <testcase name="BloodGlucoseOnProfile" time="89.791" classname="com.qa.meschino.testcases.BloodGlucoseTracker.VerifyBloodGlucoseOnProfile"/>
</testsuite> <!-- Test -->
