<?xml version="1.0" encoding="UTF-8"?>
<!-- Generated by org.testng.reporters.JUnitXMLReporter -->
<testsuite hostname="LAP00396" name="VerifyMeschinoResearchReviews" tests="3" failures="0" timestamp="11 Feb 2019 20:26:40 GMT" time="120.603" errors="0">
  <testcase name="videos" time="0.001" classname="com.qa.meschino.testcases.MeschinoResearchReviews.VerifyVideos">
    <skipped/>
  </testcase> <!-- videos -->
  <testcase name="articles" time="0.001" classname="com.qa.meschino.testcases.MeschinoResearchReviews.VerifyArticles">
    <skipped/>
  </testcase> <!-- articles -->
  <testcase name="downloads" time="115.967" classname="com.qa.meschino.testcases.MeschinoResearchReviews.VerifyDownloads"/>
</testsuite> <!-- VerifyMeschinoResearchReviews -->
