<?xml version="1.0" encoding="UTF-8"?>
<!-- Generated by org.testng.reporters.JUnitXMLReporter -->
<testsuite hostname="LAP00396" name="VerifyMeschinoResearchReviews" tests="3" failures="0" timestamp="28 Jun 2019 18:56:42 GMT" time="720.446" errors="0">
  <testcase name="videos" time="0.005" classname="com.qa.meschino.testcases.MeschinoResearchReviews.VerifyVideos">
    <skipped/>
  </testcase> <!-- videos -->
  <testcase name="articles" time="714.931" classname="com.qa.meschino.testcases.MeschinoResearchReviews.VerifyArticles"/>
  <testcase name="downloads" time="0.002" classname="com.qa.meschino.testcases.MeschinoResearchReviews.VerifyDownloads">
    <skipped/>
  </testcase> <!-- downloads -->
</testsuite> <!-- VerifyMeschinoResearchReviews -->
