<?xml version="1.0" encoding="UTF-8"?>
<!-- Generated by org.testng.reporters.JUnitXMLReporter -->
<testsuite hostname="LAP00396" name="Default test" tests="4" failures="0" timestamp="5 Feb 2019 20:23:38 GMT" time="5.778" errors="0">
  <testcase name="HraSmokingRiskStatus" time="0.022" classname="com.qa.meschino.testcases.MyHRA_Male.VerifyHRASmokingRiskStatus"/>
  <testcase name="HraSmokingRiskStatus" time="0.003" classname="com.qa.meschino.testcases.MyHRA_Male.VerifyHRASmokingRiskStatus"/>
  <testcase name="HraSmokingRiskStatus" time="0.004" classname="com.qa.meschino.testcases.MyHRA_Male.VerifyHRASmokingRiskStatus"/>
  <testcase name="HraSmokingRiskStatus" time="0.003" classname="com.qa.meschino.testcases.MyHRA_Male.VerifyHRASmokingRiskStatus"/>
</testsuite> <!-- Default test -->
