<?xml version="1.0" encoding="UTF-8"?>
<!-- Generated by org.testng.reporters.JUnitXMLReporter -->
<testsuite hostname="LAP00396" name="Test" tests="2" failures="0" timestamp="1 Feb 2019 16:42:44 GMT" time="244.661" errors="0">
  <testcase name="MyHRALog_Male" time="0.004" classname="com.qa.meschino.testcases.MyHRA_Male.VerifyHRAMale">
    <skipped/>
  </testcase> <!-- MyHRALog_Male -->
  <testcase name="HraMaleRiskStatus" time="237.039" classname="com.qa.meschino.testcases.MyHRA_Male.VerifyHRAMaleRiskStatus"/>
</testsuite> <!-- Test -->
