<?xml version="1.0" encoding="UTF-8"?>
<!-- Generated by org.testng.reporters.JUnitXMLReporter -->
<testsuite hostname="LAP00396" name="Login" tests="1" failures="0" timestamp="4 Feb 2019 19:39:50 GMT" time="0.149" errors="0">
  <testcase name="@BeforeSuite run" time="0.0" classname="com.qa.meschino.testcases.Login.verifyLogin">
    <skipped/>
  </testcase> <!-- @BeforeSuite run -->
  <testcase name="LoginTest" time="0.029" classname="com.qa.meschino.testcases.Login.verifyLogin">
    <skipped/>
  </testcase> <!-- LoginTest -->
</testsuite> <!-- Login -->
